<?xml version="1.0" encoding="UTF-8"?>
<testsuite xmlns:xsi="http://www.w3.org/2001/XMLSchema-instance" xsi:noNamespaceSchemaLocation="https://maven.apache.org/surefire/maven-surefire-plugin/xsd/surefire-test-report-3.0.xsd" version="3.0" name="by.charity.server.service.DonationServiceTest" time="1.748" tests="8" errors="0" skipped="0" failures="0">
  <properties>
[...]
</properties>
  <testcase name="registerDonation_nullFundId_throwsValidationException" classname="by.charity.server.service.DonationServiceTest" time="1.58">
    <system-err><![CDATA[WARNING: A Java agent has been loaded dynamically (C:\Users\turor\.m2\repository\net\bytebuddy\byte-buddy-agent\1.14.12\byte-buddy-agent-1.14.12.jar)
WARNING: If a serviceability tool is in use, please run with -XX:+EnableDynamicAgentLoading to hide this warning
WARNING: If a serviceability tool is not in use, please run with -Djdk.instrument.traceUsage for more information
WARNING: Dynamic loading of agents will be disallowed by default in a future release
]]></system-err>
  </testcase>
  <testcase name="getDonationStatistics_nonEmpty_correctCalculation" classname="by.charity.server.service.DonationServiceTest" time="0.026"/>
  <testcase name="registerDonation_emptyDonorName_throwsValidationException" classname="by.charity.server.service.DonationServiceTest" time="0.011"/>
  <testcase name="registerDonation_valid_updatesFundBalance" classname="by.charity.server.service.DonationServiceTest" time="0.032"/>
  <testcase name="getDonationStatistics_empty_returnsZeros" classname="by.charity.server.service.DonationServiceTest" time="0.006"/>
  <testcase name="registerDonation_negativeAmount_throwsValidationException" classname="by.charity.server.service.DonationServiceTest" time="0.008"/>
  <testcase name="registerDonation_byGuest_allowed" classname="by.charity.server.service.DonationServiceTest" time="0.008"/>
  <testcase name="registerDonation_zeroAmount_throwsValidationException" classname="by.charity.server.service.DonationServiceTest" time="0.007"/>
</testsuite>